<?xml version="1.0" encoding="UTF-8"?>
<coverage generated="1737862871875" clover="3.2.0">
  <project timestamp="1737862871875" name="All files">
    <metrics statements="5" coveredstatements="1" conditionals="4" coveredconditionals="0" methods="1" coveredmethods="0" elements="10" coveredelements="1" complexity="0" loc="5" ncloc="5" packages="1" files="1" classes="1"/>
    <file name="index.js" path="/home/djxs4n/Documentos/_Excercism/Aprendiendo_c/PruebaJest/index.js">
      <metrics statements="5" coveredstatements="1" conditionals="4" coveredconditionals="0" methods="1" coveredmethods="0"/>
      <line num="2" count="0" type="cond" truecount="0" falsecount="4"/>
      <line num="3" count="0" type="stmt"/>
      <line num="5" count="0" type="stmt"/>
      <line num="6" count="0" type="stmt"/>
      <line num="9" count="1" type="stmt"/>
    </file>
  </project>
</coverage>
